app/build/intermediates/manifest_merge_blame_file/debug/manifest-merger-blame-debug-report.txt
1<?xml version="1.0" encoding="utf-8"?>
2<manifest xmlns:android="http://schemas.android.com/apk/res/android"
3    package="com.example.myndkapp"
4    android:versionCode="1"
5    android:versionName="1.0" >
6
7    <uses-sdk
8        android:minSdkVersion="21"
9        android:targetSdkVersion="34" />
10
11    <application
11-->src/main/AndroidManifest.xml:9:2-22:16
12        android:allowBackup="true"
12-->src/main/AndroidManifest.xml:10:3-29
13        android:debuggable="true"
14        android:extractNativeLibs="true"
15        android:label="MyNDKApp" >
15-->src/main/AndroidManifest.xml:11:3-27
16
17        <!--
18            This name is resolved to com.example.myndkapp.MainActivity
19			based on the namespace property in the build.gradle file
20        -->
21        <activity
21-->src/main/AndroidManifest.xml:15:3-20:14
22            android:name="com.example.myndkapp.MainActivity"
22-->src/main/AndroidManifest.xml:15:13-41
23            android:exported="true" >
23-->src/main/AndroidManifest.xml:15:42-65
24            <intent-filter>
24-->src/main/AndroidManifest.xml:16:4-19:20
25                <action android:name="android.intent.action.MAIN" />
25-->src/main/AndroidManifest.xml:17:5-56
25-->src/main/AndroidManifest.xml:17:13-54
26
27                <category android:name="android.intent.category.LAUNCHER" />
27-->src/main/AndroidManifest.xml:18:5-64
27-->src/main/AndroidManifest.xml:18:15-62
28            </intent-filter>
29        </activity>
30    </application>
31
32</manifest>